# JRE version: OpenJDK Runtime Environment Temurin-17.0.10+7 (17.0.10+7) (build 17.0.10+7)
# Java VM: OpenJDK 64-Bit Server VM Temurin-17.0.10+7 (17.0.10+7, mixed mode, emulated-client, tiered, compressed oops, compressed class ptrs, g1 gc, windows-amd64)
GC Precious Log:
 CPUs: 8 total, 8 available
 Memory: 7975M
 Large Page Support: Disabled
 NUMA Support: Disabled
 Compressed Oops: Enabled (32-bit)
 Heap Region Size: 1M
 Heap Min Capacity: 8M
 Heap Initial Capacity: 126M
 Heap Max Capacity: 1994M
 Pre-touch: Disabled
 Parallel Workers: 8
 Concurrent Workers: 2
 Concurrent Refinement Workers: 8
 Periodic GC: Disabled
Heap:
 garbage-first heap   total 129024K, used 42464K [0x0000000083600000, 0x0000000100000000)
  region size 1024K, 1 young (1024K), 1 survivors (1024K)
 Metaspace       used 78113K, committed 79104K, reserved 1179648K
  class space    used 10752K, committed 11136K, reserved 1048576K
GC Heap History (20 events):
Event: 11734.741 GC heap after
{Heap after GC invocations=65 (full 1):
 garbage-first heap   total 88064K, used 40642K [0x0000000083600000, 0x0000000100000000)
  region size 1024K, 4 young (4096K), 4 survivors (4096K)
 Metaspace       used 77974K, committed 78592K, reserved 1179648K
  class space    used 10781K, committed 11072K, reserved 1048576K
}
Event: 11734.907 GC heap before
{Heap before GC invocations=65 (full 1):
 garbage-first heap   total 88064K, used 69314K [0x0000000083600000, 0x0000000100000000)
  region size 1024K, 33 young (33792K), 4 survivors (4096K)
 Metaspace       used 78028K, committed 78720K, reserved 1179648K
  class space    used 10791K, committed 11136K, reserved 1048576K
}
Event: 11734.920 GC heap after
{Heap after GC invocations=66 (full 1):
 garbage-first heap   total 88064K, used 42680K [0x0000000083600000, 0x0000000100000000)
  region size 1024K, 4 young (4096K), 4 survivors (4096K)
 Metaspace       used 78028K, committed 78720K, reserved 1179648K
  class space    used 10791K, committed 11136K, reserved 1048576K
}
Event: 11735.183 GC heap before
{Heap before GC invocations=67 (full 1):
 garbage-first heap   total 101376K, used 71352K [0x0000000083600000, 0x0000000100000000)
  region size 1024K, 32 young (32768K), 4 survivors (4096K)
 Metaspace       used 78177K, committed 78848K, reserved 1179648K
  class space    used 10803K, committed 11136K, reserved 1048576K
}
Event: 11735.189 GC heap after
{Heap after GC invocations=68 (full 1):
 garbage-first heap   total 101376K, used 44153K [0x0000000083600000, 0x0000000100000000)
  region size 1024K, 4 young (4096K), 4 survivors (4096K)
 Metaspace       used 78177K, committed 78848K, reserved 1179648K
  class space    used 10803K, committed 11136K, reserved 1048576K
}
Event: 11735.191 GC heap before
{Heap before GC invocations=68 (full 1):
 garbage-first heap   total 101376K, used 45177K [0x0000000083600000, 0x0000000100000000)
  region size 1024K, 5 young (5120K), 4 survivors (4096K)
 Metaspace       used 78177K, committed 78848K, reserved 1179648K
  class space    used 10803K, committed 11136K, reserved 1048576K
}
Event: 11735.202 GC heap after
{Heap after GC invocations=69 (full 1):
 garbage-first heap   total 101376K, used 44189K [0x0000000083600000, 0x0000000100000000)
  region size 1024K, 1 young (1024K), 1 survivors (1024K)
 Metaspace       used 78177K, committed 78848K, reserved 1179648K
  class space    used 10803K, committed 11136K, reserved 1048576K
}
Event: 11735.457 GC heap before
{Heap before GC invocations=69 (full 1):
 garbage-first heap   total 101376K, used 82077K [0x0000000083600000, 0x0000000100000000)
  region size 1024K, 38 young (38912K), 1 survivors (1024K)
 Metaspace       used 78408K, committed 79040K, reserved 1179648K
  class space    used 10819K, committed 11136K, reserved 1048576K
}
Event: 11735.459 GC heap after
{Heap after GC invocations=70 (full 1):
 garbage-first heap   total 101376K, used 46336K [0x0000000083600000, 0x0000000100000000)
  region size 1024K, 3 young (3072K), 3 survivors (3072K)
 Metaspace       used 78408K, committed 79040K, reserved 1179648K
  class space    used 10819K, committed 11136K, reserved 1048576K
}
Event: 11787.838 GC heap before
{Heap before GC invocations=70 (full 1):
 garbage-first heap   total 101376K, used 82176K [0x0000000083600000, 0x0000000100000000)
  region size 1024K, 38 young (38912K), 3 survivors (3072K)
 Metaspace       used 78446K, committed 79104K, reserved 1179648K
  class space    used 10824K, committed 11136K, reserved 1048576K
}
Event: 11787.842 GC heap after
{Heap after GC invocations=71 (full 1):
 garbage-first heap   total 101376K, used 47481K [0x0000000083600000, 0x0000000100000000)
  region size 1024K, 4 young (4096K), 4 survivors (4096K)
 Metaspace       used 78446K, committed 79104K, reserved 1179648K
  class space    used 10824K, committed 11136K, reserved 1048576K
}
Event: 11973.918 GC heap before
{Heap before GC invocations=71 (full 1):
 garbage-first heap   total 101376K, used 83321K [0x0000000083600000, 0x0000000100000000)
  region size 1024K, 39 young (39936K), 4 survivors (4096K)
 Metaspace       used 78456K, committed 79104K, reserved 1179648K
  class space    used 10826K, committed 11136K, reserved 1048576K
}
Event: 11974.006 GC heap after
{Heap after GC invocations=72 (full 1):
 garbage-first heap   total 101376K, used 47594K [0x0000000083600000, 0x0000000100000000)
  region size 1024K, 2 young (2048K), 2 survivors (2048K)
 Metaspace       used 78456K, committed 79104K, reserved 1179648K
  class space    used 10826K, committed 11136K, reserved 1048576K
}
Event: 12165.176 GC heap before
{Heap before GC invocations=72 (full 1):
 garbage-first heap   total 101376K, used 84458K [0x0000000083600000, 0x0000000100000000)
  region size 1024K, 38 young (38912K), 2 survivors (2048K)
 Metaspace       used 78456K, committed 79104K, reserved 1179648K
  class space    used 10826K, committed 11136K, reserved 1048576K
}
Event: 12165.240 GC heap after
{Heap after GC invocations=73 (full 1):
 garbage-first heap   total 101376K, used 47405K [0x0000000083600000, 0x0000000100000000)
  region size 1024K, 2 young (2048K), 2 survivors (2048K)
 Metaspace       used 78456K, committed 79104K, reserved 1179648K
  class space    used 10826K, committed 11136K, reserved 1048576K
}
Event: 12363.409 GC heap before
{Heap before GC invocations=74 (full 1):
 garbage-first heap   total 101376K, used 85293K [0x0000000083600000, 0x0000000100000000)
  region size 1024K, 39 young (39936K), 2 survivors (2048K)
 Metaspace       used 78113K, committed 79104K, reserved 1179648K
  class space    used 10752K, committed 11136K, reserved 1048576K
}
Event: 12363.509 GC heap after
{Heap after GC invocations=75 (full 1):
 garbage-first heap   total 101376K, used 47414K [0x0000000083600000, 0x0000000100000000)
  region size 1024K, 2 young (2048K), 2 survivors (2048K)
 Metaspace       used 78113K, committed 79104K, reserved 1179648K
  class space    used 10752K, committed 11136K, reserved 1048576K
}
Event: 12374.402 GC heap before
{Heap before GC invocations=75 (full 1):
 garbage-first heap   total 101376K, used 49462K [0x0000000083600000, 0x0000000100000000)
  region size 1024K, 4 young (4096K), 2 survivors (2048K)
 Metaspace       used 78113K, committed 79104K, reserved 1179648K
  class space    used 10752K, committed 11136K, reserved 1048576K
}
Event: 12375.476 GC heap after
{Heap after GC invocations=76 (full 1):
 garbage-first heap   total 101376K, used 42955K [0x0000000083600000, 0x0000000100000000)
  region size 1024K, 1 young (1024K), 1 survivors (1024K)
 Metaspace       used 78113K, committed 79104K, reserved 1179648K
  class space    used 10752K, committed 11136K, reserved 1048576K
}
Event: 12390.879 GC heap before
{Heap before GC invocations=76 (full 1):
 garbage-first heap   total 101376K, used 46027K [0x0000000083600000, 0x0000000100000000)
  region size 1024K, 4 young (4096K), 1 survivors (1024K)
 Metaspace       used 78113K, committed 79104K, reserved 1179648K
  class space    used 10752K, committed 11136K, reserved 1048576K
}

