# JRE version: OpenJDK Runtime Environment Temurin-17.0.10+7 (17.0.10+7) (build 17.0.10+7)
# Java VM: OpenJDK 64-Bit Server VM Temurin-17.0.10+7 (17.0.10+7, mixed mode, emulated-client, tiered, compressed oops, compressed class ptrs, g1 gc, windows-amd64)
GC Precious Log:
 CPUs: 8 total, 8 available
 Memory: 7975M
 Large Page Support: Disabled
 NUMA Support: Disabled
 Compressed Oops: Enabled (32-bit)
 Heap Region Size: 1M
 Heap Min Capacity: 8M
 Heap Initial Capacity: 126M
 Heap Max Capacity: 1994M
 Pre-touch: Disabled
 Parallel Workers: 8
 Concurrent Workers: 2
 Concurrent Refinement Workers: 8
 Periodic GC: Disabled
Heap:
 garbage-first heap   total 115712K, used 40451K [0x0000000083600000, 0x0000000100000000)
  region size 1024K, 1 young (1024K), 1 survivors (1024K)
 Metaspace       used 84802K, committed 85760K, reserved 1179648K
  class space    used 11593K, committed 11968K, reserved 1048576K
GC Heap History (20 events):
Event: 294395.156 GC heap after
{Heap after GC invocations=329 (full 10):
 garbage-first heap   total 96256K, used 32208K [0x0000000083600000, 0x0000000100000000)
  region size 1024K, 5 young (5120K), 5 survivors (5120K)
 Metaspace       used 84215K, committed 85760K, reserved 1179648K
  class space    used 11534K, committed 11968K, reserved 1048576K
}
Event: 294395.807 GC heap before
{Heap before GC invocations=329 (full 10):
 garbage-first heap   total 96256K, used 78288K [0x0000000083600000, 0x0000000100000000)
  region size 1024K, 51 young (52224K), 5 survivors (5120K)
 Metaspace       used 84652K, committed 85760K, reserved 1179648K
  class space    used 11570K, committed 11968K, reserved 1048576K
}
Event: 294396.004 GC heap after
{Heap after GC invocations=330 (full 10):
 garbage-first heap   total 96256K, used 35357K [0x0000000083600000, 0x0000000100000000)
  region size 1024K, 4 young (4096K), 4 survivors (4096K)
 Metaspace       used 84652K, committed 85760K, reserved 1179648K
  class space    used 11570K, committed 11968K, reserved 1048576K
}
Event: 294396.134 GC heap before
{Heap before GC invocations=330 (full 10):
 garbage-first heap   total 96256K, used 59933K [0x0000000083600000, 0x0000000100000000)
  region size 1024K, 28 young (28672K), 4 survivors (4096K)
 Metaspace       used 84710K, committed 85760K, reserved 1179648K
  class space    used 11574K, committed 11968K, reserved 1048576K
}
Event: 294396.159 GC heap after
{Heap after GC invocations=331 (full 10):
 garbage-first heap   total 96256K, used 37210K [0x0000000083600000, 0x0000000100000000)
  region size 1024K, 2 young (2048K), 2 survivors (2048K)
 Metaspace       used 84710K, committed 85760K, reserved 1179648K
  class space    used 11574K, committed 11968K, reserved 1048576K
}
Event: 294413.411 GC heap before
{Heap before GC invocations=331 (full 10):
 garbage-first heap   total 96256K, used 77146K [0x0000000083600000, 0x0000000100000000)
  region size 1024K, 41 young (41984K), 2 survivors (2048K)
 Metaspace       used 84746K, committed 85760K, reserved 1179648K
  class space    used 11581K, committed 11968K, reserved 1048576K
}
Event: 294413.418 GC heap after
{Heap after GC invocations=332 (full 10):
 garbage-first heap   total 115712K, used 40219K [0x0000000083600000, 0x0000000100000000)
  region size 1024K, 5 young (5120K), 5 survivors (5120K)
 Metaspace       used 84746K, committed 85760K, reserved 1179648K
  class space    used 11581K, committed 11968K, reserved 1048576K
}
Event: 294525.436 GC heap before
{Heap before GC invocations=332 (full 10):
 garbage-first heap   total 115712K, used 88347K [0x0000000083600000, 0x0000000100000000)
  region size 1024K, 53 young (54272K), 5 survivors (5120K)
 Metaspace       used 84786K, committed 85760K, reserved 1179648K
  class space    used 11590K, committed 11968K, reserved 1048576K
}
Event: 294525.452 GC heap after
{Heap after GC invocations=333 (full 10):
 garbage-first heap   total 115712K, used 40607K [0x0000000083600000, 0x0000000100000000)
  region size 1024K, 4 young (4096K), 4 survivors (4096K)
 Metaspace       used 84786K, committed 85760K, reserved 1179648K
  class space    used 11590K, committed 11968K, reserved 1048576K
}
Event: 295095.811 GC heap before
{Heap before GC invocations=333 (full 10):
 garbage-first heap   total 115712K, used 92831K [0x0000000083600000, 0x0000000100000000)
  region size 1024K, 55 young (56320K), 4 survivors (4096K)
 Metaspace       used 84802K, committed 85760K, reserved 1179648K
  class space    used 11593K, committed 11968K, reserved 1048576K
}
Event: 295098.492 GC heap after
{Heap after GC invocations=334 (full 10):
 garbage-first heap   total 115712K, used 40363K [0x0000000083600000, 0x0000000100000000)
  region size 1024K, 4 young (4096K), 4 survivors (4096K)
 Metaspace       used 84802K, committed 85760K, reserved 1179648K
  class space    used 11593K, committed 11968K, reserved 1048576K
}
Event: 295099.127 GC heap before
{Heap before GC invocations=334 (full 10):
 garbage-first heap   total 115712K, used 41387K [0x0000000083600000, 0x0000000100000000)
  region size 1024K, 5 young (5120K), 4 survivors (4096K)
 Metaspace       used 84802K, committed 85760K, reserved 1179648K
  class space    used 11593K, committed 11968K, reserved 1048576K
}
Event: 295101.054 GC heap after
{Heap after GC invocations=335 (full 10):
 garbage-first heap   total 115712K, used 40411K [0x0000000083600000, 0x0000000100000000)
  region size 1024K, 1 young (1024K), 1 survivors (1024K)
 Metaspace       used 84802K, committed 85760K, reserved 1179648K
  class space    used 11593K, committed 11968K, reserved 1048576K
}
Event: 295104.271 GC heap before
{Heap before GC invocations=335 (full 10):
 garbage-first heap   total 115712K, used 44507K [0x0000000083600000, 0x0000000100000000)
  region size 1024K, 5 young (5120K), 1 survivors (1024K)
 Metaspace       used 84802K, committed 85760K, reserved 1179648K
  class space    used 11593K, committed 11968K, reserved 1048576K
}
Event: 295104.940 GC heap after
{Heap after GC invocations=336 (full 10):
 garbage-first heap   total 115712K, used 40421K [0x0000000083600000, 0x0000000100000000)
  region size 1024K, 1 young (1024K), 1 survivors (1024K)
 Metaspace       used 84802K, committed 85760K, reserved 1179648K
  class space    used 11593K, committed 11968K, reserved 1048576K
}
Event: 295104.999 GC heap before
{Heap before GC invocations=336 (full 10):
 garbage-first heap   total 115712K, used 43493K [0x0000000083600000, 0x0000000100000000)
  region size 1024K, 5 young (5120K), 1 survivors (1024K)
 Metaspace       used 84802K, committed 85760K, reserved 1179648K
  class space    used 11593K, committed 11968K, reserved 1048576K
}
Event: 295105.013 GC heap after
{Heap after GC invocations=337 (full 10):
 garbage-first heap   total 115712K, used 40467K [0x0000000083600000, 0x0000000100000000)
  region size 1024K, 1 young (1024K), 1 survivors (1024K)
 Metaspace       used 84802K, committed 85760K, reserved 1179648K
  class space    used 11593K, committed 11968K, reserved 1048576K
}
Event: 295105.060 GC heap before
{Heap before GC invocations=337 (full 10):
 garbage-first heap   total 115712K, used 44563K [0x0000000083600000, 0x0000000100000000)
  region size 1024K, 5 young (5120K), 1 survivors (1024K)
 Metaspace       used 84802K, committed 85760K, reserved 1179648K
  class space    used 11593K, committed 11968K, reserved 1048576K
}
Event: 295105.063 GC heap after
{Heap after GC invocations=338 (full 10):
 garbage-first heap   total 115712K, used 40446K [0x0000000083600000, 0x0000000100000000)
  region size 1024K, 1 young (1024K), 1 survivors (1024K)
 Metaspace       used 84802K, committed 85760K, reserved 1179648K
  class space    used 11593K, committed 11968K, reserved 1048576K
}
Event: 295105.148 GC heap before
{Heap before GC invocations=338 (full 10):
 garbage-first heap   total 115712K, used 44542K [0x0000000083600000, 0x0000000100000000)
  region size 1024K, 5 young (5120K), 1 survivors (1024K)
 Metaspace       used 84802K, committed 85760K, reserved 1179648K
  class space    used 11593K, committed 11968K, reserved 1048576K
}

